[2026-04-03T15:28:33.307Z] 🔔 [STRIPE WEBHOOK] Received request checking signature...
[2026-04-03T15:28:33.311Z] 📦 [STRIPE WEBHOOK] Processing event type: payment_method.attached
[2026-04-03T15:28:33.327Z] 🔔 [STRIPE WEBHOOK] Received request checking signature...
[2026-04-03T15:28:33.330Z] 📦 [STRIPE WEBHOOK] Processing event type: charge.succeeded
[2026-04-03T15:28:33.439Z] 🔔 [STRIPE WEBHOOK] Received request checking signature...
[2026-04-03T15:28:33.441Z] 📦 [STRIPE WEBHOOK] Processing event type: customer.created
[2026-04-03T15:28:33.460Z] 🔔 [STRIPE WEBHOOK] Received request checking signature...
[2026-04-03T15:28:33.462Z] 📦 [STRIPE WEBHOOK] Processing event type: checkout.session.completed
[2026-04-03T15:28:33.464Z] 🔍 [STRIPE WEBHOOK] Extracted Metadata: {"userIdRaw":"50","planKey":"premium_monthly","label":"Premium Monthly"}
[2026-04-03T15:28:33.465Z] 💾 [STRIPE WEBHOOK] Database write starting for user 50...
[2026-04-03T15:28:33.496Z] 🔔 [STRIPE WEBHOOK] Received request checking signature...
[2026-04-03T15:28:33.498Z] 📦 [STRIPE WEBHOOK] Processing event type: customer.updated
[2026-04-03T15:28:33.519Z] 🔔 [STRIPE WEBHOOK] Received request checking signature...
[2026-04-03T15:28:33.521Z] 📦 [STRIPE WEBHOOK] Processing event type: customer.subscription.created
[2026-04-03T15:28:33.604Z] 🔔 [STRIPE WEBHOOK] Received request checking signature...
[2026-04-03T15:28:33.605Z] 📦 [STRIPE WEBHOOK] Processing event type: customer.subscription.updated
[2026-04-03T15:28:33.624Z] 🔔 [STRIPE WEBHOOK] Received request checking signature...
[2026-04-03T15:28:33.629Z] 📦 [STRIPE WEBHOOK] Processing event type: payment_intent.succeeded
[2026-04-03T15:28:33.747Z] 🔔 [STRIPE WEBHOOK] Received request checking signature...
[2026-04-03T15:28:33.750Z] 📦 [STRIPE WEBHOOK] Processing event type: invoice.created
[2026-04-03T15:28:33.782Z] 🔔 [STRIPE WEBHOOK] Received request checking signature...
[2026-04-03T15:28:33.784Z] 📦 [STRIPE WEBHOOK] Processing event type: payment_intent.created
[2026-04-03T15:28:33.827Z] 🔔 [STRIPE WEBHOOK] Received request checking signature...
[2026-04-03T15:28:33.829Z] 📦 [STRIPE WEBHOOK] Processing event type: invoice.finalized
[2026-04-03T15:28:33.977Z] 🔔 [STRIPE WEBHOOK] Received request checking signature...
[2026-04-03T15:28:33.980Z] 📦 [STRIPE WEBHOOK] Processing event type: invoice.updated
[2026-04-03T15:28:33.998Z] 🔔 [STRIPE WEBHOOK] Received request checking signature...
[2026-04-03T15:28:34.000Z] 📦 [STRIPE WEBHOOK] Processing event type: invoice.paid
[2026-04-03T15:28:34.057Z] 🔔 [STRIPE WEBHOOK] Received request checking signature...
[2026-04-03T15:28:34.061Z] 📦 [STRIPE WEBHOOK] Processing event type: invoice.payment_succeeded
[2026-04-03T15:31:09.599Z] 🔔 [STRIPE WEBHOOK] Received request checking signature...
[2026-04-03T15:31:09.601Z] 📦 [STRIPE WEBHOOK] Processing event type: charge.succeeded
[2026-04-03T15:31:10.484Z] 🔔 [STRIPE WEBHOOK] Received request checking signature...
[2026-04-03T15:31:10.486Z] 📦 [STRIPE WEBHOOK] Processing event type: payment_method.attached
[2026-04-03T15:31:11.347Z] 🔔 [STRIPE WEBHOOK] Received request checking signature...
[2026-04-03T15:31:11.350Z] 📦 [STRIPE WEBHOOK] Processing event type: customer.updated
[2026-04-03T15:31:11.461Z] 🔔 [STRIPE WEBHOOK] Received request checking signature...
[2026-04-03T15:31:11.471Z] 📦 [STRIPE WEBHOOK] Processing event type: checkout.session.completed
[2026-04-03T15:31:11.476Z] 🔍 [STRIPE WEBHOOK] Extracted Metadata: {"userIdRaw":"50","planKey":"premium_monthly","label":"Premium Monthly"}
[2026-04-03T15:31:11.478Z] 💾 [STRIPE WEBHOOK] Database write starting for user 50...
[2026-04-03T15:31:11.512Z] ❌ [STRIPE WEBHOOK] Database Error: 
Invalid `__TURBOPACK__imported__module__$5b$project$5d2f$src$2f$lib$2f$prisma$2e$ts__$5b$app$2d$route$5d$__$28$ecmascript$29$__["default"].subscription.create()` invocation in
C:\Projects\deepskyn\.next\dev\server\chunks\[root-of-the-server]__60031772._.js:279:166

  276 try {
  277     logWebhook(`💾 [STRIPE WEBHOOK] Database write starting for user ${userId}...`);
  278     // 1. Create Subscription
→ 279     await __TURBOPACK__imported__module__$5b$project$5d2f$src$2f$lib$2f$prisma$2e$ts__$5b$app$2d$route$5d$__$28$ecmascript$29$__["default"].subscription.create({
            data: {
              user_id: 50,
              plan: "Premium Monthly",
              date_debut: new Date("2026-04-03T15:31:11.478Z"),
              date_fin: new Date("2026-05-03T15:31:11.478Z"),
              amount: 20,
              ~~~~~~
          ?   id?: Int
            }
          })

Unknown argument `amount`. Available options are marked with ?.
[2026-04-03T15:31:11.694Z] 🔔 [STRIPE WEBHOOK] Received request checking signature...
[2026-04-03T15:31:11.698Z] 📦 [STRIPE WEBHOOK] Processing event type: customer.created
[2026-04-03T15:31:12.321Z] 🔔 [STRIPE WEBHOOK] Received request checking signature...
[2026-04-03T15:31:12.325Z] 📦 [STRIPE WEBHOOK] Processing event type: customer.subscription.created
[2026-04-03T15:31:12.345Z] 🔔 [STRIPE WEBHOOK] Received request checking signature...
[2026-04-03T15:31:12.363Z] 📦 [STRIPE WEBHOOK] Processing event type: customer.subscription.updated
[2026-04-03T15:31:12.421Z] 🔔 [STRIPE WEBHOOK] Received request checking signature...
[2026-04-03T15:31:12.428Z] 📦 [STRIPE WEBHOOK] Processing event type: invoice.created
[2026-04-03T15:31:12.480Z] 🔔 [STRIPE WEBHOOK] Received request checking signature...
[2026-04-03T15:31:12.485Z] 📦 [STRIPE WEBHOOK] Processing event type: payment_intent.created
[2026-04-03T15:31:12.529Z] 🔔 [STRIPE WEBHOOK] Received request checking signature...
[2026-04-03T15:31:12.536Z] 📦 [STRIPE WEBHOOK] Processing event type: payment_intent.succeeded
[2026-04-03T15:31:12.764Z] 🔔 [STRIPE WEBHOOK] Received request checking signature...
[2026-04-03T15:31:12.767Z] 📦 [STRIPE WEBHOOK] Processing event type: invoice.finalized
[2026-04-03T15:31:12.911Z] 🔔 [STRIPE WEBHOOK] Received request checking signature...
[2026-04-03T15:31:12.914Z] 📦 [STRIPE WEBHOOK] Processing event type: invoice.updated
[2026-04-03T15:31:13.082Z] 🔔 [STRIPE WEBHOOK] Received request checking signature...
[2026-04-03T15:31:13.085Z] 📦 [STRIPE WEBHOOK] Processing event type: invoice.paid
[2026-04-03T15:31:13.115Z] 🔔 [STRIPE WEBHOOK] Received request checking signature...
[2026-04-03T15:31:13.118Z] 📦 [STRIPE WEBHOOK] Processing event type: invoice.payment_succeeded
[2026-04-03T15:31:38.198Z] 🔔 [STRIPE WEBHOOK] Received request checking signature...
[2026-04-03T15:31:38.200Z] 📦 [STRIPE WEBHOOK] Processing event type: invoice_payment.paid
